<?xml version="1.0" encoding="UTF-8"?>
<testsuite name="ru.ac.uniyar.testingcourse.WarmupControllerTest" tests="5" skipped="0" failures="0" errors="0" timestamp="2021-04-19T11:07:50" hostname="PC210-22" time="0.826">
  <properties/>
  <testcase name="noWarmupCase()" classname="ru.ac.uniyar.testingcourse.WarmupControllerTest" time="0.348"/>
  <testcase name="fullWarmupCase()" classname="ru.ac.uniyar.testingcourse.WarmupControllerTest" time="0.002"/>
  <testcase name="[1] 60, 60, 120" classname="ru.ac.uniyar.testingcourse.WarmupControllerTest" time="0.115"/>
  <testcase name="[2] 10, 20, 110" classname="ru.ac.uniyar.testingcourse.WarmupControllerTest" time="0.002"/>
  <testcase name="[3] 10, 60, 120" classname="ru.ac.uniyar.testingcourse.WarmupControllerTest" time="0.002"/>
  <system-out><![CDATA[]]></system-out>
  <system-err><![CDATA[]]></system-err>
</testsuite>
